<?xml version="1.0" encoding="UTF-8"?>
<!-- Generated by org.testng.reporters.JUnitXMLReporter -->
<testsuite ignored="0" hostname="DESKTOP-7SELM80" failures="0" tests="3" name="Surefire test" time="110.719" errors="0" timestamp="2025-07-16T17:46:55 IST">
  <testcase classname="ledsak.AllLeadTest" name="newLead" time="24.113"/>
  <testcase classname="ledsak.AllLeadTest" name="dateFilter" time="17.313"/>
  <testcase classname="ledsak.AllLeadTest" name="filterSelect" time="15.634"/>
</testsuite> <!-- Surefire test -->
