<?xml version="1.0" encoding="UTF-8"?>
<!-- Generated by org.testng.reporters.JUnitXMLReporter -->
<testsuite ignored="0" hostname="DESKTOP-7SELM80" failures="1" tests="1" name="Surefire test" time="8.573" errors="0" timestamp="2025-07-08T17:19:23 IST">
  <testcase classname="ledsak.CustomizepageTest" name="CheckAttribut" time="1.591">
    <failure type="java.lang.NullPointerException" message="Cannot invoke &amp;quot;org.openqa.selenium.WebElement.click()&amp;quot; because &amp;quot;this.callField&amp;quot; is null">
      <![CDATA[java.lang.NullPointerException: Cannot invoke "org.openqa.selenium.WebElement.click()" because "this.callField" is null
at ledsak.CustomizeBase.callTextBox(CustomizeBase.java:58)
at ledsak.CustomizepageTest.CheckAttribut(CustomizepageTest.java:100)
at java.base/java.util.ArrayList.forEach(ArrayList.java:1596)
... Removed 30 stack frames]]>
    </failure>
  </testcase> <!-- CheckAttribut -->
</testsuite> <!-- Surefire test -->
