<?xml version="1.0" encoding="UTF-8"?>
<!-- Generated by org.testng.reporters.JUnitXMLReporter -->
<testsuite ignored="0" hostname="DESKTOP-7SELM80" failures="0" tests="22" name="app" time="381.797" errors="0" timestamp="2025-07-08T11:13:22 IST">
  <testcase classname="ledsak.AllLeadTest" name="dateFilter" time="9.788"/>
  <testcase classname="ledsak.AllLeadTest" name="filterSelect" time="9.534"/>
  <testcase classname="ledsak.AllLeadTest" name="newLead" time="22.79"/>
  <testcase classname="ledsak.SidebarTest" name="leadManagement" time="6.066"/>
  <testcase classname="ledsak.SidebarTest" name="dealManagement" time="2.58"/>
  <testcase classname="ledsak.SidebarTest" name="opportunities" time="0.094"/>
  <testcase classname="ledsak.SidebarTest" name="automation" time="0.13"/>
  <testcase classname="ledsak.SidebarTest" name="integrations" time="1.357"/>
  <testcase classname="ledsak.SidebarTest" name="report" time="2.799"/>
  <testcase classname="ledsak.SidebarTest" name="staffManagement" time="5.157"/>
  <testcase classname="ledsak.SidebarTest" name="settings" time="2.767"/>
  <testcase classname="ledsak.DashboardTest" name="notification" time="33.637"/>
  <testcase classname="ledsak.DashboardTest" name="dashboardCard" time="1.187"/>
  <testcase classname="ledsak.DashboardTest" name="followUpCard" time="1.712"/>
  <testcase classname="ledsak.DashboardTest" name="overdueTaskCard" time="1.634"/>
  <testcase classname="ledsak.DashboardTest" name="SwithcBranchList" time="5.317"/>
  <testcase classname="ledsak.LeadSetupTest" name="leadset" time="86.67"/>
  <testcase classname="ledsak.LeadCreateTest" name="createLead" time="13.658"/>
  <testcase classname="ledsak.CreatestaffTest" name="createStaff" time="11.546"/>
  <testcase classname="ledsak.RoleSetupTest" name="createStaff" time="25.284"/>
  <testcase classname="ledsak.CustomizepageTest" name="CheckAttribut" time="12.328"/>
  <testcase classname="ledsak.DatefilterTest" name="dateFilterCheck" time="8.62"/>
</testsuite> <!-- app -->
