<?xml version="1.0" encoding="UTF-8"?>
<!-- Generated by org.testng.reporters.JUnitXMLReporter -->
<testsuite ignored="0" hostname="DESKTOP-7SELM80" failures="0" tests="22" name="app" time="342.626" errors="0" timestamp="2025-06-05T15:34:07 IST">
  <testcase classname="ledsak.AllLeadTest" name="dateFilter" time="10.722"/>
  <testcase classname="ledsak.AllLeadTest" name="filterSelect" time="8.181"/>
  <testcase classname="ledsak.AllLeadTest" name="newLead" time="22.498"/>
  <testcase classname="ledsak.SidebarTest" name="leadManagement" time="4.51"/>
  <testcase classname="ledsak.SidebarTest" name="dealManagement" time="1.747"/>
  <testcase classname="ledsak.SidebarTest" name="opportunities" time="0.086"/>
  <testcase classname="ledsak.SidebarTest" name="automation" time="0.098"/>
  <testcase classname="ledsak.SidebarTest" name="integrations" time="1.263"/>
  <testcase classname="ledsak.SidebarTest" name="report" time="2.203"/>
  <testcase classname="ledsak.SidebarTest" name="staffManagement" time="4.47"/>
  <testcase classname="ledsak.SidebarTest" name="settings" time="2.841"/>
  <testcase classname="ledsak.DashboardTest" name="notification" time="33.534"/>
  <testcase classname="ledsak.DashboardTest" name="dashboardCard" time="0.939"/>
  <testcase classname="ledsak.DashboardTest" name="followUpCard" time="2.447"/>
  <testcase classname="ledsak.DashboardTest" name="overdueTaskCard" time="2.316"/>
  <testcase classname="ledsak.DashboardTest" name="SwithcBranchList" time="4.116"/>
  <testcase classname="ledsak.LeadSetupTest" name="leadset" time="55.061"/>
  <testcase classname="ledsak.LeadCreateTest" name="createLead" time="13.288"/>
  <testcase classname="ledsak.CreatestaffTest" name="createStaff" time="11.14"/>
  <testcase classname="ledsak.RoleSetupTest" name="createStaff" time="25.239"/>
  <testcase classname="ledsak.CustomizepageTest" name="CheckAttribut" time="11.302"/>
  <testcase classname="ledsak.DatefilterTest" name="dateFilterCheck" time="9.01"/>
</testsuite> <!-- app -->
