<?xml version="1.0" encoding="UTF-8"?>
<!-- Generated by org.testng.reporters.JUnitXMLReporter -->
<testsuite ignored="0" hostname="DESKTOP-7SELM80" failures="0" tests="5" name="website" time="32.658" errors="0" timestamp="2025-07-08T11:13:55 IST">
  <testcase classname="website.HomeTest" name="headerContent" time="0.991"/>
  <testcase classname="website.HomeTest" name="title" time="2.546"/>
  <testcase classname="website.HomeTest" name="contactOur" time="3.839"/>
  <testcase classname="website.PricingTest" name="priceBanner" time="5.001"/>
  <testcase classname="website.ContactTest" name="contactUs" time="4.545"/>
</testsuite> <!-- website -->
