<?xml version="1.0" encoding="UTF-8"?>
<!-- Generated by org.testng.reporters.JUnitXMLReporter -->
<testsuite ignored="0" hostname="DESKTOP-7SELM80" failures="0" tests="5" name="website" time="26.321" errors="0" timestamp="2025-07-08T13:09:17 IST">
  <testcase classname="website.HomeTest" name="headerContent" time="0.795"/>
  <testcase classname="website.HomeTest" name="title" time="2.128"/>
  <testcase classname="website.HomeTest" name="contactOur" time="2.514"/>
  <testcase classname="website.PricingTest" name="priceBanner" time="4.744"/>
  <testcase classname="website.ContactTest" name="contactUs" time="4.268"/>
</testsuite> <!-- website -->
