<?xml version="1.0" encoding="UTF-8"?>
<testsuite xmlns:xsi="http://www.w3.org/2001/XMLSchema-instance" xsi:noNamespaceSchemaLocation="https://maven.apache.org/surefire/maven-surefire-plugin/xsd/surefire-test-report-3.0.xsd" version="3.0" name="TestSuite" time="415.406" tests="27" errors="0" skipped="0" failures="0">
  <properties>
[...]
</properties>
  <testcase name="dateFilter" classname="ledsak.AllLeadTest" time="9.786">
    <system-out><![CDATA[Sider is closed try to open...
sider open succesfully.
]]></system-out>
    <system-err><![CDATA[SLF4J: Failed to load class "org.slf4j.impl.StaticLoggerBinder".
SLF4J: Defaulting to no-operation (NOP) logger implementation
SLF4J: See http://www.slf4j.org/codes.html#StaticLoggerBinder for further details.
Jul 08, 2025 11:07:07 AM org.openqa.selenium.devtools.CdpVersionFinder findNearestMatch
WARNING: Unable to find CDP implementation matching 138
Jul 08, 2025 11:07:07 AM org.openqa.selenium.chromium.ChromiumDriver lambda$new$4
WARNING: Unable to find version of CDP to use for 138.0.7204.92. You may need to include a dependency on a specific version of the CDP using something similar to `org.seleniumhq.selenium:selenium-devtools-v86:4.28.1` where the version ("v86") matches the version of the chromium-based browser you're using and the version number of the artifact is the same as Selenium's.
]]></system-err>
  </testcase>
  <testcase name="filterSelect" classname="ledsak.AllLeadTest" time="9.535">
    <system-out><![CDATA[Sider is closed try to open...
sider open succesfully.
[1, Indiamart, indiamart, , 2, as, as, , 3, API Integration, api_integration, , 4, Facebook, facebook, , 5, Instagram, instagram, , 6, Google, google, , 7, Web Chat, web_chat, ]
[Not Assigned, Indiamart, as, API Integration, Facebook, Instagram, Google, Web Chat]
Facebook found in both lists. Clicking...
Clicked on Facebook.
]]></system-out>
    <system-err><![CDATA[Jul 08, 2025 11:07:28 AM org.openqa.selenium.devtools.CdpVersionFinder findNearestMatch
WARNING: Unable to find CDP implementation matching 138
Jul 08, 2025 11:07:28 AM org.openqa.selenium.chromium.ChromiumDriver lambda$new$4
WARNING: Unable to find version of CDP to use for 138.0.7204.92. You may need to include a dependency on a specific version of the CDP using something similar to `org.seleniumhq.selenium:selenium-devtools-v86:4.28.1` where the version ("v86") matches the version of the chromium-based browser you're using and the version number of the artifact is the same as Selenium's.
]]></system-err>
  </testcase>
  <testcase name="newLead" classname="ledsak.AllLeadTest" time="22.79">
    <system-out><![CDATA[Sider is closed try to open...
sider open succesfully.
lead Created Succesfully
Actual text in table: user16
Element not found, assuming lead is deleted.
]]></system-out>
    <system-err><![CDATA[Jul 08, 2025 11:07:48 AM org.openqa.selenium.devtools.CdpVersionFinder findNearestMatch
WARNING: Unable to find CDP implementation matching 138
Jul 08, 2025 11:07:48 AM org.openqa.selenium.chromium.ChromiumDriver lambda$new$4
WARNING: Unable to find version of CDP to use for 138.0.7204.92. You may need to include a dependency on a specific version of the CDP using something similar to `org.seleniumhq.selenium:selenium-devtools-v86:4.28.1` where the version ("v86") matches the version of the chromium-based browser you're using and the version number of the artifact is the same as Selenium's.
]]></system-err>
  </testcase>
  <testcase name="leadManagement" classname="ledsak.SidebarTest" time="6.067">
    <system-out><![CDATA[Sider is closed try to open...
sider open succesfully.
Lead Management Dropdown open.
All Lead page is Interact
Lead setup page is Interact
Lead Distribution page is Interact
Export History page is Interact
]]></system-out>
    <system-err><![CDATA[Jul 08, 2025 11:08:22 AM org.openqa.selenium.devtools.CdpVersionFinder findNearestMatch
WARNING: Unable to find CDP implementation matching 138
Jul 08, 2025 11:08:22 AM org.openqa.selenium.chromium.ChromiumDriver lambda$new$4
WARNING: Unable to find version of CDP to use for 138.0.7204.92. You may need to include a dependency on a specific version of the CDP using something similar to `org.seleniumhq.selenium:selenium-devtools-v86:4.28.1` where the version ("v86") matches the version of the chromium-based browser you're using and the version number of the artifact is the same as Selenium's.
]]></system-err>
  </testcase>
  <testcase name="dealManagement" classname="ledsak.SidebarTest" time="2.58">
    <system-out><![CDATA[Lead Management Dropdown open.
All Deals page is Interact
Won Deals page is Interact
]]></system-out>
  </testcase>
  <testcase name="opportunities" classname="ledsak.SidebarTest" time="0.095">
    <system-out><![CDATA[Actions Page open: Successfull
]]></system-out>
  </testcase>
  <testcase name="automation" classname="ledsak.SidebarTest" time="0.13">
    <system-out><![CDATA[Automation Page open: Successfull
]]></system-out>
  </testcase>
  <testcase name="integrations" classname="ledsak.SidebarTest" time="1.355">
    <system-out><![CDATA[Integrations Page open: Successfull
]]></system-out>
  </testcase>
  <testcase name="report" classname="ledsak.SidebarTest" time="2.799">
    <system-out><![CDATA[Reports page is Interact
]]></system-out>
  </testcase>
  <testcase name="staffManagement" classname="ledsak.SidebarTest" time="5.157">
    <system-out><![CDATA[Staff page open: Successfull
Attendance page open: Successfull
Roles & Permissions page open: Successfull
Login History page open: Successfull
]]></system-out>
  </testcase>
  <testcase name="settings" classname="ledsak.SidebarTest" time="2.768">
    <system-out><![CDATA[Customize page open: Successfull
Template page open: Successfull
]]></system-out>
  </testcase>
  <testcase name="notification" classname="ledsak.DashboardTest" time="33.636">
    <system-out><![CDATA[Sider is closed try to open...
sider open succesfully.
Clicked Notification Button
]]></system-out>
    <system-err><![CDATA[Jul 08, 2025 11:08:53 AM org.openqa.selenium.devtools.CdpVersionFinder findNearestMatch
WARNING: Unable to find CDP implementation matching 138
Jul 08, 2025 11:08:53 AM org.openqa.selenium.chromium.ChromiumDriver lambda$new$4
WARNING: Unable to find version of CDP to use for 138.0.7204.92. You may need to include a dependency on a specific version of the CDP using something similar to `org.seleniumhq.selenium:selenium-devtools-v86:4.28.1` where the version ("v86") matches the version of the chromium-based browser you're using and the version number of the artifact is the same as Selenium's.
]]></system-err>
  </testcase>
  <testcase name="dashboardCard" classname="ledsak.DashboardTest" time="1.187"/>
  <testcase name="followUpCard" classname="ledsak.DashboardTest" time="1.709"/>
  <testcase name="overdueTaskCard" classname="ledsak.DashboardTest" time="1.634"/>
  <testcase name="SwithcBranchList" classname="ledsak.DashboardTest" time="5.321">
    <system-out><![CDATA[Both lists match exactly.
Available Branches:
Test
Test
Gurugram
Lucknow
Mumbai
Pitampura
GK1
]]></system-out>
  </testcase>
  <testcase name="leadset" classname="ledsak.LeadSetupTest" time="86.671">
    <system-out><![CDATA[Sider is closed try to open...
sider open succesfully.
Field created succesfull
Expected condition failed: waiting for element to be clickable: By.xpath: //button[text()='Continue'] (tried for 25 second(s) with 500 milliseconds interval)
Build info: version: '4.28.1', revision: '73f5ad48a2'
System info: os.name: 'Windows 10', os.arch: 'amd64', os.version: '10.0', java.version: '21.0.6'
Driver info: org.openqa.selenium.chrome.ChromeDriver
Capabilities {acceptInsecureCerts: false, browserName: chrome, browserVersion: 138.0.7204.92, chrome: {chromedriverVersion: 138.0.7204.92 (f079b9bc781e..., userDataDir: C:\Users\HP\AppData\Local\T...}, fedcm:accounts: true, goog:chromeOptions: {debuggerAddress: localhost:54851}, networkConnectionEnabled: false, pageLoadStrategy: normal, platformName: windows, proxy: Proxy(), se:cdp: ws://localhost:54851/devtoo..., se:cdpVersion: 138.0.7204.92, setWindowRect: true, strictFileInteractability: false, timeouts: {implicit: 0, pageLoad: 300000, script: 30000}, unhandledPromptBehavior: dismiss and notify, webauthn:extension:credBlob: true, webauthn:extension:largeBlob: true, webauthn:extension:minPinLength: true, webauthn:extension:prf: true, webauthn:virtualAuthenticators: true}
Session ID: 0439cf79803b209d65f3ef163ac55217
]]></system-out>
    <system-err><![CDATA[Jul 08, 2025 11:09:47 AM org.openqa.selenium.devtools.CdpVersionFinder findNearestMatch
WARNING: Unable to find CDP implementation matching 138
Jul 08, 2025 11:09:47 AM org.openqa.selenium.chromium.ChromiumDriver lambda$new$4
WARNING: Unable to find version of CDP to use for 138.0.7204.92. You may need to include a dependency on a specific version of the CDP using something similar to `org.seleniumhq.selenium:selenium-devtools-v86:4.28.1` where the version ("v86") matches the version of the chromium-based browser you're using and the version number of the artifact is the same as Selenium's.
]]></system-err>
  </testcase>
  <testcase name="createLead" classname="ledsak.LeadCreateTest" time="13.659">
    <system-out><![CDATA[Sider is closed try to open...
sider open succesfully.
Staff page open: Successfull
Staff Created succesfull
Staff deleted succesfully
]]></system-out>
    <system-err><![CDATA[Jul 08, 2025 11:11:28 AM org.openqa.selenium.devtools.CdpVersionFinder findNearestMatch
WARNING: Unable to find CDP implementation matching 138
Jul 08, 2025 11:11:28 AM org.openqa.selenium.chromium.ChromiumDriver lambda$new$4
WARNING: Unable to find version of CDP to use for 138.0.7204.92. You may need to include a dependency on a specific version of the CDP using something similar to `org.seleniumhq.selenium:selenium-devtools-v86:4.28.1` where the version ("v86") matches the version of the chromium-based browser you're using and the version number of the artifact is the same as Selenium's.
]]></system-err>
  </testcase>
  <testcase name="createStaff" classname="ledsak.CreatestaffTest" time="11.549">
    <system-out><![CDATA[Sider is closed try to open...
sider open succesfully.
Staff page open: Successfull
Staff created succesfull
Staff deleted succesfully
]]></system-out>
    <system-err><![CDATA[Jul 08, 2025 11:11:48 AM org.openqa.selenium.devtools.CdpVersionFinder findNearestMatch
WARNING: Unable to find CDP implementation matching 138
Jul 08, 2025 11:11:48 AM org.openqa.selenium.chromium.ChromiumDriver lambda$new$4
WARNING: Unable to find version of CDP to use for 138.0.7204.92. You may need to include a dependency on a specific version of the CDP using something similar to `org.seleniumhq.selenium:selenium-devtools-v86:4.28.1` where the version ("v86") matches the version of the chromium-based browser you're using and the version number of the artifact is the same as Selenium's.
]]></system-err>
  </testcase>
  <testcase name="createStaff" classname="ledsak.RoleSetupTest" time="25.285">
    <system-out><![CDATA[Sider is closed try to open...
sider open succesfully.
Roles & Permissions page open: Successfull
Role created succesfull
[# Role Name Actions, 1 Test, 2 Test, 3 Manager, 4 Caller, 5 Sales Team, ]
Role created delete succesfull
]]></system-out>
    <system-err><![CDATA[Jul 08, 2025 11:12:10 AM org.openqa.selenium.devtools.CdpVersionFinder findNearestMatch
WARNING: Unable to find CDP implementation matching 138
Jul 08, 2025 11:12:10 AM org.openqa.selenium.chromium.ChromiumDriver lambda$new$4
WARNING: Unable to find version of CDP to use for 138.0.7204.92. You may need to include a dependency on a specific version of the CDP using something similar to `org.seleniumhq.selenium:selenium-devtools-v86:4.28.1` where the version ("v86") matches the version of the chromium-based browser you're using and the version number of the artifact is the same as Selenium's.
]]></system-err>
  </testcase>
  <testcase name="CheckAttribut" classname="ledsak.CustomizepageTest" time="12.327">
    <system-out><![CDATA[Sider is closed try to open...
Sider opened successfully.
Customize page open: Successful
call value: Call
email value: Email
meeting value: Meeting
task value: Task
Branch label value: Branch
Lead Field label value: Lead Field
Group label value: Group
Source label value: Branch
Stage label value: Stage
]]></system-out>
    <system-err><![CDATA[Jul 08, 2025 11:12:47 AM org.openqa.selenium.devtools.CdpVersionFinder findNearestMatch
WARNING: Unable to find CDP implementation matching 138
Jul 08, 2025 11:12:47 AM org.openqa.selenium.chromium.ChromiumDriver lambda$new$4
WARNING: Unable to find version of CDP to use for 138.0.7204.92. You may need to include a dependency on a specific version of the CDP using something similar to `org.seleniumhq.selenium:selenium-devtools-v86:4.28.1` where the version ("v86") matches the version of the chromium-based browser you're using and the version number of the artifact is the same as Selenium's.
]]></system-err>
  </testcase>
  <testcase name="dateFilterCheck" classname="ledsak.DatefilterTest" time="8.62">
    <system-out><![CDATA[Sider is closed try to open...
sider open succesfully.
Custom date select Succesfull
]]></system-out>
    <system-err><![CDATA[Jul 08, 2025 11:13:04 AM org.openqa.selenium.devtools.CdpVersionFinder findNearestMatch
WARNING: Unable to find CDP implementation matching 138
Jul 08, 2025 11:13:04 AM org.openqa.selenium.chromium.ChromiumDriver lambda$new$4
WARNING: Unable to find version of CDP to use for 138.0.7204.92. You may need to include a dependency on a specific version of the CDP using something similar to `org.seleniumhq.selenium:selenium-devtools-v86:4.28.1` where the version ("v86") matches the version of the chromium-based browser you're using and the version number of the artifact is the same as Selenium's.
]]></system-err>
  </testcase>
  <testcase name="headerContent" classname="website.HomeTest" time="0.993">
    <system-out><![CDATA[content is overlapping checkfalse
]]></system-out>
    <system-err><![CDATA[Jul 08, 2025 11:13:23 AM org.openqa.selenium.devtools.CdpVersionFinder findNearestMatch
WARNING: Unable to find CDP implementation matching 138
Jul 08, 2025 11:13:23 AM org.openqa.selenium.chromium.ChromiumDriver lambda$new$4
WARNING: Unable to find version of CDP to use for 138.0.7204.92. You may need to include a dependency on a specific version of the CDP using something similar to `org.seleniumhq.selenium:selenium-devtools-v86:4.28.1` where the version ("v86") matches the version of the chromium-based browser you're using and the version number of the artifact is the same as Selenium's.
]]></system-err>
  </testcase>
  <testcase name="title" classname="website.HomeTest" time="2.547">
    <system-err><![CDATA[Jul 08, 2025 11:13:28 AM org.openqa.selenium.devtools.CdpVersionFinder findNearestMatch
WARNING: Unable to find CDP implementation matching 138
Jul 08, 2025 11:13:28 AM org.openqa.selenium.chromium.ChromiumDriver lambda$new$4
WARNING: Unable to find version of CDP to use for 138.0.7204.92. You may need to include a dependency on a specific version of the CDP using something similar to `org.seleniumhq.selenium:selenium-devtools-v86:4.28.1` where the version ("v86") matches the version of the chromium-based browser you're using and the version number of the artifact is the same as Selenium's.
]]></system-err>
  </testcase>
  <testcase name="contactOur" classname="website.HomeTest" time="3.839">
    <system-out><![CDATA[Contact Button is not clicked.
Contact Button clicked succesfull and page is appears
Contact Button clicked succesfull and page is appears
Contact Button clicked succesfull and page is appears
]]></system-out>
    <system-err><![CDATA[Jul 08, 2025 11:13:34 AM org.openqa.selenium.devtools.CdpVersionFinder findNearestMatch
WARNING: Unable to find CDP implementation matching 138
Jul 08, 2025 11:13:34 AM org.openqa.selenium.chromium.ChromiumDriver lambda$new$4
WARNING: Unable to find version of CDP to use for 138.0.7204.92. You may need to include a dependency on a specific version of the CDP using something similar to `org.seleniumhq.selenium:selenium-devtools-v86:4.28.1` where the version ("v86") matches the version of the chromium-based browser you're using and the version number of the artifact is the same as Selenium's.
]]></system-err>
  </testcase>
  <testcase name="priceBanner" classname="website.PricingTest" time="5.001">
    <system-out><![CDATA[Are elements overlapping? false
Ledsak Form Open Succesfull
true
]]></system-out>
    <system-err><![CDATA[Jul 08, 2025 11:13:41 AM org.openqa.selenium.devtools.CdpVersionFinder findNearestMatch
WARNING: Unable to find CDP implementation matching 138
Jul 08, 2025 11:13:41 AM org.openqa.selenium.chromium.ChromiumDriver lambda$new$4
WARNING: Unable to find version of CDP to use for 138.0.7204.92. You may need to include a dependency on a specific version of the CDP using something similar to `org.seleniumhq.selenium:selenium-devtools-v86:4.28.1` where the version ("v86") matches the version of the chromium-based browser you're using and the version number of the artifact is the same as Selenium's.
]]></system-err>
  </testcase>
  <testcase name="contactUs" classname="website.ContactTest" time="4.546">
    <system-out><![CDATA[Contact us page appears
Random 3 characters: Qqk
✅ Input value set correctly: Test
✅ Input value set correctly: test@gmail.com
✅ Input value set correctly: ledsak
]]></system-out>
    <system-err><![CDATA[Jul 08, 2025 11:13:48 AM org.openqa.selenium.devtools.CdpVersionFinder findNearestMatch
WARNING: Unable to find CDP implementation matching 138
Jul 08, 2025 11:13:48 AM org.openqa.selenium.chromium.ChromiumDriver lambda$new$4
WARNING: Unable to find version of CDP to use for 138.0.7204.92. You may need to include a dependency on a specific version of the CDP using something similar to `org.seleniumhq.selenium:selenium-devtools-v86:4.28.1` where the version ("v86") matches the version of the chromium-based browser you're using and the version number of the artifact is the same as Selenium's.
Jul 08, 2025 11:13:49 AM org.openqa.selenium.devtools.CdpVersionFinder findNearestMatch
WARNING: Unable to find CDP implementation matching 138
Jul 08, 2025 11:13:49 AM org.openqa.selenium.chromium.ChromiumDriver lambda$new$4
WARNING: Unable to find version of CDP to use for 138.0.7204.92. You may need to include a dependency on a specific version of the CDP using something similar to `org.seleniumhq.selenium:selenium-devtools-v86:4.28.1` where the version ("v86") matches the version of the chromium-based browser you're using and the version number of the artifact is the same as Selenium's.
]]></system-err>
  </testcase>
</testsuite>