<?xml version="1.0" encoding="UTF-8"?>
<testsuite xmlns:xsi="http://www.w3.org/2001/XMLSchema-instance" xsi:noNamespaceSchemaLocation="https://maven.apache.org/surefire/maven-surefire-plugin/xsd/surefire-test-report-3.0.xsd" version="3.0" name="TestSuite" time="367.993" tests="27" errors="0" skipped="0" failures="0">
  <properties>
[...]
</properties>
  <testcase name="dateFilter" classname="ledsak.AllLeadTest" time="10.489">
    <system-out><![CDATA[Sider is closed try to open...
sider open succesfully.
]]></system-out>
    <system-err><![CDATA[SLF4J: Failed to load class "org.slf4j.impl.StaticLoggerBinder".
SLF4J: Defaulting to no-operation (NOP) logger implementation
SLF4J: See http://www.slf4j.org/codes.html#StaticLoggerBinder for further details.
Jun 03, 2025 12:26:12 PM org.openqa.selenium.devtools.CdpVersionFinder findNearestMatch
WARNING: Unable to find CDP implementation matching 137
Jun 03, 2025 12:26:12 PM org.openqa.selenium.chromium.ChromiumDriver lambda$new$4
WARNING: Unable to find version of CDP to use for 137.0.7151.68. You may need to include a dependency on a specific version of the CDP using something similar to `org.seleniumhq.selenium:selenium-devtools-v86:4.28.1` where the version ("v86") matches the version of the chromium-based browser you're using and the version number of the artifact is the same as Selenium's.
]]></system-err>
  </testcase>
  <testcase name="filterSelect" classname="ledsak.AllLeadTest" time="7.982">
    <system-out><![CDATA[Sider is closed try to open...
sider open succesfully.
[1, Indiamart, indiamart, , 2, as, as, , 3, API Integration, api_integration, , 4, Facebook, facebook, , 5, Instagram, instagram, , 6, Google, google, , 7, Web Chat, web_chat, ]
[Not Assigned, Indiamart, as, API Integration, Facebook, Instagram, Google, Web Chat]
Facebook found in both lists. Clicking...
Clicked on Facebook.
]]></system-out>
    <system-err><![CDATA[Jun 03, 2025 12:26:37 PM org.openqa.selenium.devtools.CdpVersionFinder findNearestMatch
WARNING: Unable to find CDP implementation matching 137
Jun 03, 2025 12:26:37 PM org.openqa.selenium.chromium.ChromiumDriver lambda$new$4
WARNING: Unable to find version of CDP to use for 137.0.7151.68. You may need to include a dependency on a specific version of the CDP using something similar to `org.seleniumhq.selenium:selenium-devtools-v86:4.28.1` where the version ("v86") matches the version of the chromium-based browser you're using and the version number of the artifact is the same as Selenium's.
]]></system-err>
  </testcase>
  <testcase name="newLead" classname="ledsak.AllLeadTest" time="22.551">
    <system-out><![CDATA[Sider is closed try to open...
sider open succesfully.
lead Created Succesfully
Actual text in table: Bharath
Element not found, assuming lead is deleted.
]]></system-out>
    <system-err><![CDATA[Jun 03, 2025 12:26:55 PM org.openqa.selenium.devtools.CdpVersionFinder findNearestMatch
WARNING: Unable to find CDP implementation matching 137
Jun 03, 2025 12:26:55 PM org.openqa.selenium.chromium.ChromiumDriver lambda$new$4
WARNING: Unable to find version of CDP to use for 137.0.7151.68. You may need to include a dependency on a specific version of the CDP using something similar to `org.seleniumhq.selenium:selenium-devtools-v86:4.28.1` where the version ("v86") matches the version of the chromium-based browser you're using and the version number of the artifact is the same as Selenium's.
]]></system-err>
  </testcase>
  <testcase name="leadManagement" classname="ledsak.SidebarTest" time="4.721">
    <system-out><![CDATA[Sider is closed try to open...
sider open succesfully.
Lead Management Dropdown open.
All Lead page is Interact
Lead setup page is Interact
Lead Distribution page is Interact
Export History page is Interact
]]></system-out>
    <system-err><![CDATA[Jun 03, 2025 12:27:27 PM org.openqa.selenium.devtools.CdpVersionFinder findNearestMatch
WARNING: Unable to find CDP implementation matching 137
Jun 03, 2025 12:27:27 PM org.openqa.selenium.chromium.ChromiumDriver lambda$new$4
WARNING: Unable to find version of CDP to use for 137.0.7151.68. You may need to include a dependency on a specific version of the CDP using something similar to `org.seleniumhq.selenium:selenium-devtools-v86:4.28.1` where the version ("v86") matches the version of the chromium-based browser you're using and the version number of the artifact is the same as Selenium's.
]]></system-err>
  </testcase>
  <testcase name="dealManagement" classname="ledsak.SidebarTest" time="2.127">
    <system-out><![CDATA[Lead Management Dropdown open.
All Deals page is Interact
Won Deals page is Interact
]]></system-out>
  </testcase>
  <testcase name="opportunities" classname="ledsak.SidebarTest" time="0.09">
    <system-out><![CDATA[Actions Page open: Successfull
]]></system-out>
  </testcase>
  <testcase name="automation" classname="ledsak.SidebarTest" time="0.153">
    <system-out><![CDATA[Automation Page open: Successfull
]]></system-out>
  </testcase>
  <testcase name="integrations" classname="ledsak.SidebarTest" time="1.543">
    <system-out><![CDATA[Integrations Page open: Successfull
]]></system-out>
  </testcase>
  <testcase name="report" classname="ledsak.SidebarTest" time="1.502">
    <system-out><![CDATA[Reports page is Interact
]]></system-out>
  </testcase>
  <testcase name="staffManagement" classname="ledsak.SidebarTest" time="4.264">
    <system-out><![CDATA[Staff page open: Successfull
Attendance page open: Successfull
Roles & Permissions page open: Successfull
Login History page open: Successfull
]]></system-out>
  </testcase>
  <testcase name="settings" classname="ledsak.SidebarTest" time="2.883">
    <system-out><![CDATA[Customize page open: Successfull
Template page open: Successfull
]]></system-out>
  </testcase>
  <testcase name="notification" classname="ledsak.DashboardTest" time="33.72">
    <system-out><![CDATA[Sider is closed try to open...
sider open succesfully.
Clicked Notification Button
]]></system-out>
    <system-err><![CDATA[Jun 03, 2025 12:27:54 PM org.openqa.selenium.devtools.CdpVersionFinder findNearestMatch
WARNING: Unable to find CDP implementation matching 137
Jun 03, 2025 12:27:54 PM org.openqa.selenium.chromium.ChromiumDriver lambda$new$4
WARNING: Unable to find version of CDP to use for 137.0.7151.68. You may need to include a dependency on a specific version of the CDP using something similar to `org.seleniumhq.selenium:selenium-devtools-v86:4.28.1` where the version ("v86") matches the version of the chromium-based browser you're using and the version number of the artifact is the same as Selenium's.
]]></system-err>
  </testcase>
  <testcase name="dashboardCard" classname="ledsak.DashboardTest" time="1.594"/>
  <testcase name="followUpCard" classname="ledsak.DashboardTest" time="1.883"/>
  <testcase name="overdueTaskCard" classname="ledsak.DashboardTest" time="2.282"/>
  <testcase name="SwithcBranchList" classname="ledsak.DashboardTest" time="4.104">
    <system-out><![CDATA[Both lists match exactly.
Available Branches:
Test
Test
Delhi
kalkaji
]]></system-out>
  </testcase>
  <testcase name="leadset" classname="ledsak.LeadSetupTest" time="52.951">
    <system-out><![CDATA[Sider is closed try to open...
sider open succesfully.
Field created succesfull
Field deleted succesfull
Stage created succesfully
Stage deleted succesfully
Source created succesfully
Source deleted succesfully
Group created succesfully
Group deleted succesfully
Branch created succesfully
Branch deleted succesfully
]]></system-out>
    <system-err><![CDATA[Jun 03, 2025 12:28:49 PM org.openqa.selenium.devtools.CdpVersionFinder findNearestMatch
WARNING: Unable to find CDP implementation matching 137
Jun 03, 2025 12:28:49 PM org.openqa.selenium.chromium.ChromiumDriver lambda$new$4
WARNING: Unable to find version of CDP to use for 137.0.7151.68. You may need to include a dependency on a specific version of the CDP using something similar to `org.seleniumhq.selenium:selenium-devtools-v86:4.28.1` where the version ("v86") matches the version of the chromium-based browser you're using and the version number of the artifact is the same as Selenium's.
]]></system-err>
  </testcase>
  <testcase name="createLead" classname="ledsak.LeadCreateTest" time="12.973">
    <system-out><![CDATA[Sider is closed try to open...
sider open succesfully.
Staff page open: Successfull
Staff Created succesfull
Staff deleted succesfully
]]></system-out>
    <system-err><![CDATA[Jun 03, 2025 12:29:52 PM org.openqa.selenium.devtools.CdpVersionFinder findNearestMatch
WARNING: Unable to find CDP implementation matching 137
Jun 03, 2025 12:29:52 PM org.openqa.selenium.chromium.ChromiumDriver lambda$new$4
WARNING: Unable to find version of CDP to use for 137.0.7151.68. You may need to include a dependency on a specific version of the CDP using something similar to `org.seleniumhq.selenium:selenium-devtools-v86:4.28.1` where the version ("v86") matches the version of the chromium-based browser you're using and the version number of the artifact is the same as Selenium's.
]]></system-err>
  </testcase>
  <testcase name="createStaff" classname="ledsak.CreatestaffTest" time="10.952">
    <system-out><![CDATA[Sider is closed try to open...
sider open succesfully.
Staff page open: Successfull
Staff created succesfull
Staff deleted succesfully
]]></system-out>
    <system-err><![CDATA[Jun 03, 2025 12:30:16 PM org.openqa.selenium.devtools.CdpVersionFinder findNearestMatch
WARNING: Unable to find CDP implementation matching 137
Jun 03, 2025 12:30:16 PM org.openqa.selenium.chromium.ChromiumDriver lambda$new$4
WARNING: Unable to find version of CDP to use for 137.0.7151.68. You may need to include a dependency on a specific version of the CDP using something similar to `org.seleniumhq.selenium:selenium-devtools-v86:4.28.1` where the version ("v86") matches the version of the chromium-based browser you're using and the version number of the artifact is the same as Selenium's.
]]></system-err>
  </testcase>
  <testcase name="createStaff" classname="ledsak.RoleSetupTest" time="24.339">
    <system-out><![CDATA[Sider is closed try to open...
sider open succesfully.
Roles & Permissions page open: Successfull
Role created succesfull
[# Role Name Actions, 1 Test, 2 Sales Team, 3 Super Admin]
Role created delete succesfull
]]></system-out>
    <system-err><![CDATA[Jun 03, 2025 12:30:37 PM org.openqa.selenium.devtools.CdpVersionFinder findNearestMatch
WARNING: Unable to find CDP implementation matching 137
Jun 03, 2025 12:30:37 PM org.openqa.selenium.chromium.ChromiumDriver lambda$new$4
WARNING: Unable to find version of CDP to use for 137.0.7151.68. You may need to include a dependency on a specific version of the CDP using something similar to `org.seleniumhq.selenium:selenium-devtools-v86:4.28.1` where the version ("v86") matches the version of the chromium-based browser you're using and the version number of the artifact is the same as Selenium's.
]]></system-err>
  </testcase>
  <testcase name="CheckAttribut" classname="ledsak.CustomizepageTest" time="10.963">
    <system-out><![CDATA[Sider is closed try to open...
Sider opened successfully.
Customize page open: Successful
call value: Call
email value: Email
meeting value: Meeting
task value: Task
Branch label value: Branch
Lead Field label value: Lead Field
Group label value: Group
Source label value: Branch
Stage label value: Stage
]]></system-out>
    <system-err><![CDATA[Jun 03, 2025 12:31:12 PM org.openqa.selenium.devtools.CdpVersionFinder findNearestMatch
WARNING: Unable to find CDP implementation matching 137
Jun 03, 2025 12:31:12 PM org.openqa.selenium.chromium.ChromiumDriver lambda$new$4
WARNING: Unable to find version of CDP to use for 137.0.7151.68. You may need to include a dependency on a specific version of the CDP using something similar to `org.seleniumhq.selenium:selenium-devtools-v86:4.28.1` where the version ("v86") matches the version of the chromium-based browser you're using and the version number of the artifact is the same as Selenium's.
]]></system-err>
  </testcase>
  <testcase name="dateFilterCheck" classname="ledsak.DatefilterTest" time="8.593">
    <system-out><![CDATA[Sider is closed try to open...
sider open succesfully.
Custom date select Succesfull
]]></system-out>
    <system-err><![CDATA[Jun 03, 2025 12:31:32 PM org.openqa.selenium.devtools.CdpVersionFinder findNearestMatch
WARNING: Unable to find CDP implementation matching 137
Jun 03, 2025 12:31:32 PM org.openqa.selenium.chromium.ChromiumDriver lambda$new$4
WARNING: Unable to find version of CDP to use for 137.0.7151.68. You may need to include a dependency on a specific version of the CDP using something similar to `org.seleniumhq.selenium:selenium-devtools-v86:4.28.1` where the version ("v86") matches the version of the chromium-based browser you're using and the version number of the artifact is the same as Selenium's.
]]></system-err>
  </testcase>
  <testcase name="headerContent" classname="website.HomeTest" time="0.563">
    <system-out><![CDATA[content is overlapping checkfalse
]]></system-out>
    <system-err><![CDATA[Jun 03, 2025 12:31:50 PM org.openqa.selenium.devtools.CdpVersionFinder findNearestMatch
WARNING: Unable to find CDP implementation matching 137
Jun 03, 2025 12:31:50 PM org.openqa.selenium.chromium.ChromiumDriver lambda$new$4
WARNING: Unable to find version of CDP to use for 137.0.7151.68. You may need to include a dependency on a specific version of the CDP using something similar to `org.seleniumhq.selenium:selenium-devtools-v86:4.28.1` where the version ("v86") matches the version of the chromium-based browser you're using and the version number of the artifact is the same as Selenium's.
]]></system-err>
  </testcase>
  <testcase name="title" classname="website.HomeTest" time="2.073">
    <system-err><![CDATA[Jun 03, 2025 12:31:54 PM org.openqa.selenium.devtools.CdpVersionFinder findNearestMatch
WARNING: Unable to find CDP implementation matching 137
Jun 03, 2025 12:31:54 PM org.openqa.selenium.chromium.ChromiumDriver lambda$new$4
WARNING: Unable to find version of CDP to use for 137.0.7151.68. You may need to include a dependency on a specific version of the CDP using something similar to `org.seleniumhq.selenium:selenium-devtools-v86:4.28.1` where the version ("v86") matches the version of the chromium-based browser you're using and the version number of the artifact is the same as Selenium's.
]]></system-err>
  </testcase>
  <testcase name="contactOur" classname="website.HomeTest" time="1.747">
    <system-out><![CDATA[Contact Button is not clicked.
Contact Button clicked succesfull and page is appears
Contact Button clicked succesfull and page is appears
Contact Button clicked succesfull and page is appears
]]></system-out>
    <system-err><![CDATA[Jun 03, 2025 12:31:58 PM org.openqa.selenium.devtools.CdpVersionFinder findNearestMatch
WARNING: Unable to find CDP implementation matching 137
Jun 03, 2025 12:31:58 PM org.openqa.selenium.chromium.ChromiumDriver lambda$new$4
WARNING: Unable to find version of CDP to use for 137.0.7151.68. You may need to include a dependency on a specific version of the CDP using something similar to `org.seleniumhq.selenium:selenium-devtools-v86:4.28.1` where the version ("v86") matches the version of the chromium-based browser you're using and the version number of the artifact is the same as Selenium's.
]]></system-err>
  </testcase>
  <testcase name="priceBanner" classname="website.PricingTest" time="4.5">
    <system-out><![CDATA[Are elements overlapping? false
Ledsak Form Open Succesfull
true
]]></system-out>
    <system-err><![CDATA[Jun 03, 2025 12:32:02 PM org.openqa.selenium.devtools.CdpVersionFinder findNearestMatch
WARNING: Unable to find CDP implementation matching 137
Jun 03, 2025 12:32:02 PM org.openqa.selenium.chromium.ChromiumDriver lambda$new$4
WARNING: Unable to find version of CDP to use for 137.0.7151.68. You may need to include a dependency on a specific version of the CDP using something similar to `org.seleniumhq.selenium:selenium-devtools-v86:4.28.1` where the version ("v86") matches the version of the chromium-based browser you're using and the version number of the artifact is the same as Selenium's.
]]></system-err>
  </testcase>
  <testcase name="contactUs" classname="website.ContactTest" time="3.752">
    <system-out><![CDATA[Contact us page appears
Random 3 characters: gts
✅ Input value set correctly: Test
✅ Input value set correctly: test@gmail.com
✅ Input value set correctly: ledsak
]]></system-out>
    <system-err><![CDATA[Jun 03, 2025 12:32:09 PM org.openqa.selenium.devtools.CdpVersionFinder findNearestMatch
WARNING: Unable to find CDP implementation matching 137
Jun 03, 2025 12:32:09 PM org.openqa.selenium.chromium.ChromiumDriver lambda$new$4
WARNING: Unable to find version of CDP to use for 137.0.7151.68. You may need to include a dependency on a specific version of the CDP using something similar to `org.seleniumhq.selenium:selenium-devtools-v86:4.28.1` where the version ("v86") matches the version of the chromium-based browser you're using and the version number of the artifact is the same as Selenium's.
Jun 03, 2025 12:32:10 PM org.openqa.selenium.devtools.CdpVersionFinder findNearestMatch
WARNING: Unable to find CDP implementation matching 137
Jun 03, 2025 12:32:10 PM org.openqa.selenium.chromium.ChromiumDriver lambda$new$4
WARNING: Unable to find version of CDP to use for 137.0.7151.68. You may need to include a dependency on a specific version of the CDP using something similar to `org.seleniumhq.selenium:selenium-devtools-v86:4.28.1` where the version ("v86") matches the version of the chromium-based browser you're using and the version number of the artifact is the same as Selenium's.
]]></system-err>
  </testcase>
</testsuite>