<?xml version="1.0" encoding="UTF-8"?>
<testng-results ignored="0" total="27" passed="27" failed="0" skipped="0">
  <reporter-output>
  </reporter-output>
  <suite started-at="2025-07-16T17:47:45 IST" name="TestSuite" finished-at="2025-07-16T17:54:37 IST" duration-ms="412042">
    <groups>
    </groups>
    <test started-at="2025-07-16T17:47:45 IST" name="app" finished-at="2025-07-16T17:54:04 IST" duration-ms="379541">
      <class name="ledsak.SidebarTest">
        <test-method is-config="true" signature="setup()[pri:0, instance:ledsak.SidebarTest@dd8ba08]" started-at="2025-07-16T17:49:20 IST" name="setup" finished-at="2025-07-16T17:49:31 IST" duration-ms="10857" status="PASS">
          <reporter-output>
          </reporter-output>
        </test-method> <!-- setup -->
        <test-method signature="leadManagement()[pri:1, instance:ledsak.SidebarTest@dd8ba08]" started-at="2025-07-16T17:49:31 IST" name="leadManagement" finished-at="2025-07-16T17:49:38 IST" duration-ms="6890" status="PASS">
          <reporter-output>
          </reporter-output>
        </test-method> <!-- leadManagement -->
        <test-method signature="dealManagement()[pri:2, instance:ledsak.SidebarTest@dd8ba08]" started-at="2025-07-16T17:49:38 IST" name="dealManagement" finished-at="2025-07-16T17:49:41 IST" duration-ms="2466" status="PASS">
          <reporter-output>
          </reporter-output>
        </test-method> <!-- dealManagement -->
        <test-method signature="opportunities()[pri:3, instance:ledsak.SidebarTest@dd8ba08]" started-at="2025-07-16T17:49:41 IST" name="opportunities" finished-at="2025-07-16T17:49:41 IST" duration-ms="86" status="PASS">
          <reporter-output>
          </reporter-output>
        </test-method> <!-- opportunities -->
        <test-method signature="automation()[pri:4, instance:ledsak.SidebarTest@dd8ba08]" started-at="2025-07-16T17:49:41 IST" name="automation" finished-at="2025-07-16T17:49:41 IST" duration-ms="223" status="PASS">
          <reporter-output>
          </reporter-output>
        </test-method> <!-- automation -->
        <test-method signature="integrations()[pri:5, instance:ledsak.SidebarTest@dd8ba08]" started-at="2025-07-16T17:49:41 IST" name="integrations" finished-at="2025-07-16T17:49:42 IST" duration-ms="973" status="PASS">
          <reporter-output>
          </reporter-output>
        </test-method> <!-- integrations -->
        <test-method signature="report()[pri:6, instance:ledsak.SidebarTest@dd8ba08]" started-at="2025-07-16T17:49:42 IST" name="report" finished-at="2025-07-16T17:49:45 IST" duration-ms="2790" status="PASS">
          <reporter-output>
          </reporter-output>
        </test-method> <!-- report -->
        <test-method signature="staffManagement()[pri:7, instance:ledsak.SidebarTest@dd8ba08]" started-at="2025-07-16T17:49:45 IST" name="staffManagement" finished-at="2025-07-16T17:49:50 IST" duration-ms="5812" status="PASS">
          <reporter-output>
          </reporter-output>
        </test-method> <!-- staffManagement -->
        <test-method signature="settings()[pri:8, instance:ledsak.SidebarTest@dd8ba08]" started-at="2025-07-16T17:49:50 IST" name="settings" finished-at="2025-07-16T17:49:54 IST" duration-ms="3851" status="PASS">
          <reporter-output>
          </reporter-output>
        </test-method> <!-- settings -->
        <test-method is-config="true" signature="tearDown()[pri:0, instance:ledsak.SidebarTest@dd8ba08]" started-at="2025-07-16T17:49:54 IST" name="tearDown" finished-at="2025-07-16T17:49:55 IST" duration-ms="832" status="PASS">
          <reporter-output>
          </reporter-output>
        </test-method> <!-- tearDown -->
      </class> <!-- ledsak.SidebarTest -->
      <class name="ledsak.LeadCreateTest">
        <test-method is-config="true" signature="setUp()[pri:0, instance:ledsak.LeadCreateTest@222545dc]" started-at="2025-07-16T17:52:01 IST" name="setUp" finished-at="2025-07-16T17:52:07 IST" duration-ms="6285" status="PASS">
          <reporter-output>
          </reporter-output>
        </test-method> <!-- setUp -->
        <test-method signature="createLead()[pri:0, instance:ledsak.LeadCreateTest@222545dc]" started-at="2025-07-16T17:52:07 IST" name="createLead" finished-at="2025-07-16T17:52:21 IST" duration-ms="14274" status="PASS">
          <reporter-output>
          </reporter-output>
        </test-method> <!-- createLead -->
        <test-method is-config="true" signature="tearDown()[pri:0, instance:ledsak.LeadCreateTest@222545dc]" started-at="2025-07-16T17:52:21 IST" name="tearDown" finished-at="2025-07-16T17:52:22 IST" duration-ms="475" status="PASS">
          <reporter-output>
          </reporter-output>
        </test-method> <!-- tearDown -->
      </class> <!-- ledsak.LeadCreateTest -->
      <class name="ledsak.LeadSetupTest">
        <test-method is-config="true" signature="setUp()[pri:0, instance:ledsak.LeadSetupTest@6ae5aa72]" started-at="2025-07-16T17:50:49 IST" name="setUp" finished-at="2025-07-16T17:51:03 IST" duration-ms="13530" status="PASS">
          <reporter-output>
          </reporter-output>
        </test-method> <!-- setUp -->
        <test-method signature="leadset()[pri:0, instance:ledsak.LeadSetupTest@6ae5aa72]" started-at="2025-07-16T17:51:03 IST" name="leadset" finished-at="2025-07-16T17:52:00 IST" duration-ms="57264" status="PASS">
          <reporter-output>
          </reporter-output>
        </test-method> <!-- leadset -->
        <test-method is-config="true" signature="tearDown()[pri:0, instance:ledsak.LeadSetupTest@6ae5aa72]" started-at="2025-07-16T17:52:00 IST" name="tearDown" finished-at="2025-07-16T17:52:01 IST" duration-ms="630" status="PASS">
          <reporter-output>
          </reporter-output>
        </test-method> <!-- tearDown -->
      </class> <!-- ledsak.LeadSetupTest -->
      <class name="ledsak.DatefilterTest">
        <test-method is-config="true" signature="setUp()[pri:0, instance:ledsak.DatefilterTest@595b007d]" started-at="2025-07-16T17:53:45 IST" name="setUp" finished-at="2025-07-16T17:53:54 IST" duration-ms="9797" status="PASS">
          <reporter-output>
          </reporter-output>
        </test-method> <!-- setUp -->
        <test-method signature="dateFilterCheck()[pri:0, instance:ledsak.DatefilterTest@595b007d]" started-at="2025-07-16T17:53:54 IST" name="dateFilterCheck" finished-at="2025-07-16T17:54:04 IST" duration-ms="9530" status="PASS">
          <reporter-output>
          </reporter-output>
        </test-method> <!-- dateFilterCheck -->
        <test-method is-config="true" signature="tearDown()[pri:0, instance:ledsak.DatefilterTest@595b007d]" started-at="2025-07-16T17:54:04 IST" name="tearDown" finished-at="2025-07-16T17:54:04 IST" duration-ms="449" status="PASS">
          <reporter-output>
          </reporter-output>
        </test-method> <!-- tearDown -->
      </class> <!-- ledsak.DatefilterTest -->
      <class name="ledsak.RoleSetupTest">
        <test-method is-config="true" signature="setUp()[pri:0, instance:ledsak.RoleSetupTest@16293aa2]" started-at="2025-07-16T17:52:46 IST" name="setUp" finished-at="2025-07-16T17:52:57 IST" duration-ms="11070" status="PASS">
          <reporter-output>
          </reporter-output>
        </test-method> <!-- setUp -->
        <test-method signature="createStaff()[pri:0, instance:ledsak.RoleSetupTest@16293aa2]" started-at="2025-07-16T17:52:57 IST" name="createStaff" finished-at="2025-07-16T17:53:26 IST" duration-ms="28413" status="PASS">
          <reporter-output>
          </reporter-output>
        </test-method> <!-- createStaff -->
        <test-method is-config="true" signature="tearDown()[pri:0, instance:ledsak.RoleSetupTest@16293aa2]" started-at="2025-07-16T17:53:26 IST" name="tearDown" finished-at="2025-07-16T17:53:26 IST" duration-ms="449" status="PASS">
          <reporter-output>
          </reporter-output>
        </test-method> <!-- tearDown -->
      </class> <!-- ledsak.RoleSetupTest -->
      <class name="ledsak.DashboardTest">
        <test-method is-config="true" signature="setup()[pri:0, instance:ledsak.DashboardTest@245b4bdc]" started-at="2025-07-16T17:49:55 IST" name="setup" finished-at="2025-07-16T17:50:06 IST" duration-ms="10946" status="PASS">
          <reporter-output>
          </reporter-output>
        </test-method> <!-- setup -->
        <test-method signature="notification()[pri:1, instance:ledsak.DashboardTest@245b4bdc]" started-at="2025-07-16T17:50:06 IST" name="notification" finished-at="2025-07-16T17:50:40 IST" duration-ms="33802" status="PASS">
          <reporter-output>
          </reporter-output>
        </test-method> <!-- notification -->
        <test-method signature="dashboardCard()[pri:2, instance:ledsak.DashboardTest@245b4bdc]" started-at="2025-07-16T17:50:40 IST" name="dashboardCard" finished-at="2025-07-16T17:50:41 IST" duration-ms="1136" status="PASS">
          <reporter-output>
          </reporter-output>
        </test-method> <!-- dashboardCard -->
        <test-method signature="followUpCard()[pri:2, instance:ledsak.DashboardTest@245b4bdc]" started-at="2025-07-16T17:50:41 IST" name="followUpCard" finished-at="2025-07-16T17:50:43 IST" duration-ms="1664" status="PASS">
          <reporter-output>
          </reporter-output>
        </test-method> <!-- followUpCard -->
        <test-method signature="overdueTaskCard()[pri:4, instance:ledsak.DashboardTest@245b4bdc]" started-at="2025-07-16T17:50:43 IST" name="overdueTaskCard" finished-at="2025-07-16T17:50:44 IST" duration-ms="1143" status="PASS">
          <reporter-output>
          </reporter-output>
        </test-method> <!-- overdueTaskCard -->
        <test-method signature="SwithcBranchList()[pri:5, instance:ledsak.DashboardTest@245b4bdc]" started-at="2025-07-16T17:50:44 IST" name="SwithcBranchList" finished-at="2025-07-16T17:50:49 IST" duration-ms="4939" status="PASS">
          <reporter-output>
          </reporter-output>
        </test-method> <!-- SwithcBranchList -->
        <test-method is-config="true" signature="tearDown()[pri:0, instance:ledsak.DashboardTest@245b4bdc]" started-at="2025-07-16T17:50:49 IST" name="tearDown" finished-at="2025-07-16T17:50:49 IST" duration-ms="443" status="PASS">
          <reporter-output>
          </reporter-output>
        </test-method> <!-- tearDown -->
      </class> <!-- ledsak.DashboardTest -->
      <class name="ledsak.CustomizepageTest">
        <test-method is-config="true" signature="setUp()[pri:0, instance:ledsak.CustomizepageTest@5158b42f]" started-at="2025-07-16T17:53:26 IST" name="setUp" finished-at="2025-07-16T17:53:32 IST" duration-ms="5692" status="PASS">
          <reporter-output>
          </reporter-output>
        </test-method> <!-- setUp -->
        <test-method signature="CheckAttribut()[pri:0, instance:ledsak.CustomizepageTest@5158b42f]" started-at="2025-07-16T17:53:32 IST" name="CheckAttribut" finished-at="2025-07-16T17:53:44 IST" duration-ms="12593" status="PASS">
          <reporter-output>
          </reporter-output>
        </test-method> <!-- CheckAttribut -->
        <test-method is-config="true" signature="tearDown()[pri:0, instance:ledsak.CustomizepageTest@5158b42f]" started-at="2025-07-16T17:53:44 IST" name="tearDown" finished-at="2025-07-16T17:53:45 IST" duration-ms="425" status="PASS">
          <reporter-output>
          </reporter-output>
        </test-method> <!-- tearDown -->
      </class> <!-- ledsak.CustomizepageTest -->
      <class name="ledsak.CreatestaffTest">
        <test-method is-config="true" signature="setUp()[pri:0, instance:ledsak.CreatestaffTest@5c5eefef]" started-at="2025-07-16T17:52:22 IST" name="setUp" finished-at="2025-07-16T17:52:33 IST" duration-ms="11326" status="PASS">
          <reporter-output>
          </reporter-output>
        </test-method> <!-- setUp -->
        <test-method signature="createStaff()[pri:0, instance:ledsak.CreatestaffTest@5c5eefef]" started-at="2025-07-16T17:52:33 IST" name="createStaff" finished-at="2025-07-16T17:52:46 IST" duration-ms="12587" status="PASS">
          <reporter-output>
          </reporter-output>
        </test-method> <!-- createStaff -->
        <test-method is-config="true" signature="tearDown()[pri:0, instance:ledsak.CreatestaffTest@5c5eefef]" started-at="2025-07-16T17:52:46 IST" name="tearDown" finished-at="2025-07-16T17:52:46 IST" duration-ms="434" status="PASS">
          <reporter-output>
          </reporter-output>
        </test-method> <!-- tearDown -->
      </class> <!-- ledsak.CreatestaffTest -->
      <class name="ledsak.AllLeadTest">
        <test-method is-config="true" signature="setUp()[pri:0, instance:ledsak.AllLeadTest@6e171cd7]" started-at="2025-07-16T17:47:45 IST" name="setUp" finished-at="2025-07-16T17:48:11 IST" duration-ms="26350" status="PASS">
          <reporter-output>
          </reporter-output>
        </test-method> <!-- setUp -->
        <test-method signature="newLead()[pri:1, instance:ledsak.AllLeadTest@6e171cd7]" started-at="2025-07-16T17:48:11 IST" name="newLead" finished-at="2025-07-16T17:48:36 IST" duration-ms="25072" status="PASS">
          <reporter-output>
          </reporter-output>
        </test-method> <!-- newLead -->
        <test-method is-config="true" signature="tearDown()[pri:0, instance:ledsak.AllLeadTest@6e171cd7]" started-at="2025-07-16T17:48:36 IST" name="tearDown" finished-at="2025-07-16T17:48:37 IST" duration-ms="587" status="PASS">
          <reporter-output>
          </reporter-output>
        </test-method> <!-- tearDown -->
        <test-method is-config="true" signature="setUp()[pri:0, instance:ledsak.AllLeadTest@6e171cd7]" started-at="2025-07-16T17:48:37 IST" name="setUp" finished-at="2025-07-16T17:48:48 IST" duration-ms="10897" status="PASS">
          <reporter-output>
          </reporter-output>
        </test-method> <!-- setUp -->
        <test-method signature="dateFilter()[pri:2, instance:ledsak.AllLeadTest@6e171cd7]" started-at="2025-07-16T17:48:48 IST" name="dateFilter" finished-at="2025-07-16T17:48:59 IST" duration-ms="10789" status="PASS">
          <reporter-output>
          </reporter-output>
        </test-method> <!-- dateFilter -->
        <test-method is-config="true" signature="tearDown()[pri:0, instance:ledsak.AllLeadTest@6e171cd7]" started-at="2025-07-16T17:48:59 IST" name="tearDown" finished-at="2025-07-16T17:49:00 IST" duration-ms="802" status="PASS">
          <reporter-output>
          </reporter-output>
        </test-method> <!-- tearDown -->
        <test-method is-config="true" signature="setUp()[pri:0, instance:ledsak.AllLeadTest@6e171cd7]" started-at="2025-07-16T17:49:00 IST" name="setUp" finished-at="2025-07-16T17:49:10 IST" duration-ms="10690" status="PASS">
          <reporter-output>
          </reporter-output>
        </test-method> <!-- setUp -->
        <test-method signature="filterSelect()[pri:3, instance:ledsak.AllLeadTest@6e171cd7]" started-at="2025-07-16T17:49:10 IST" name="filterSelect" finished-at="2025-07-16T17:49:20 IST" duration-ms="9658" status="PASS">
          <reporter-output>
          </reporter-output>
        </test-method> <!-- filterSelect -->
        <test-method is-config="true" signature="tearDown()[pri:0, instance:ledsak.AllLeadTest@6e171cd7]" started-at="2025-07-16T17:49:20 IST" name="tearDown" finished-at="2025-07-16T17:49:20 IST" duration-ms="465" status="PASS">
          <reporter-output>
          </reporter-output>
        </test-method> <!-- tearDown -->
      </class> <!-- ledsak.AllLeadTest -->
    </test> <!-- app -->
    <test started-at="2025-07-16T17:54:05 IST" name="website" finished-at="2025-07-16T17:54:37 IST" duration-ms="32416">
      <class name="website.HomeTest">
        <test-method is-config="true" signature="setUp()[pri:0, instance:website.HomeTest@351d00c0]" started-at="2025-07-16T17:54:05 IST" name="setUp" finished-at="2025-07-16T17:54:07 IST" duration-ms="2312" status="PASS">
          <reporter-output>
          </reporter-output>
        </test-method> <!-- setUp -->
        <test-method signature="headerContent()[pri:1, instance:website.HomeTest@351d00c0]" started-at="2025-07-16T17:54:07 IST" name="headerContent" finished-at="2025-07-16T17:54:08 IST" duration-ms="1515" status="PASS">
          <reporter-output>
          </reporter-output>
        </test-method> <!-- headerContent -->
        <test-method is-config="true" signature="tearDown()[pri:0, instance:website.HomeTest@351d00c0]" started-at="2025-07-16T17:54:08 IST" name="tearDown" finished-at="2025-07-16T17:54:09 IST" duration-ms="628" status="PASS">
          <reporter-output>
          </reporter-output>
        </test-method> <!-- tearDown -->
        <test-method is-config="true" signature="setUp()[pri:0, instance:website.HomeTest@351d00c0]" started-at="2025-07-16T17:54:09 IST" name="setUp" finished-at="2025-07-16T17:54:11 IST" duration-ms="2105" status="PASS">
          <reporter-output>
          </reporter-output>
        </test-method> <!-- setUp -->
        <test-method signature="title()[pri:2, instance:website.HomeTest@351d00c0]" started-at="2025-07-16T17:54:11 IST" name="title" finished-at="2025-07-16T17:54:14 IST" duration-ms="2574" status="PASS">
          <reporter-output>
          </reporter-output>
        </test-method> <!-- title -->
        <test-method is-config="true" signature="tearDown()[pri:0, instance:website.HomeTest@351d00c0]" started-at="2025-07-16T17:54:14 IST" name="tearDown" finished-at="2025-07-16T17:54:14 IST" duration-ms="486" status="PASS">
          <reporter-output>
          </reporter-output>
        </test-method> <!-- tearDown -->
        <test-method is-config="true" signature="setUp()[pri:0, instance:website.HomeTest@351d00c0]" started-at="2025-07-16T17:54:14 IST" name="setUp" finished-at="2025-07-16T17:54:16 IST" duration-ms="2233" status="PASS">
          <reporter-output>
          </reporter-output>
        </test-method> <!-- setUp -->
        <test-method signature="contactOur()[pri:3, instance:website.HomeTest@351d00c0]" started-at="2025-07-16T17:54:16 IST" name="contactOur" finished-at="2025-07-16T17:54:19 IST" duration-ms="2971" status="PASS">
          <reporter-output>
          </reporter-output>
        </test-method> <!-- contactOur -->
        <test-method is-config="true" signature="tearDown()[pri:0, instance:website.HomeTest@351d00c0]" started-at="2025-07-16T17:54:19 IST" name="tearDown" finished-at="2025-07-16T17:54:20 IST" duration-ms="557" status="PASS">
          <reporter-output>
          </reporter-output>
        </test-method> <!-- tearDown -->
      </class> <!-- website.HomeTest -->
      <class name="website.PricingTest">
        <test-method is-config="true" signature="setUp()[pri:0, instance:website.PricingTest@2a3b5b47]" started-at="2025-07-16T17:54:20 IST" name="setUp" finished-at="2025-07-16T17:54:22 IST" duration-ms="2229" status="PASS">
          <reporter-output>
          </reporter-output>
        </test-method> <!-- setUp -->
        <test-method signature="priceBanner()[pri:0, instance:website.PricingTest@2a3b5b47]" started-at="2025-07-16T17:54:22 IST" name="priceBanner" finished-at="2025-07-16T17:54:27 IST" duration-ms="5281" status="PASS">
          <reporter-output>
          </reporter-output>
        </test-method> <!-- priceBanner -->
        <test-method is-config="true" signature="tearDown()[pri:0, instance:website.PricingTest@2a3b5b47]" started-at="2025-07-16T17:54:27 IST" name="tearDown" finished-at="2025-07-16T17:54:28 IST" duration-ms="731" status="PASS">
          <reporter-output>
          </reporter-output>
        </test-method> <!-- tearDown -->
      </class> <!-- website.PricingTest -->
      <class name="website.ContactTest">
        <test-method is-config="true" signature="LaunchURL()[pri:0, instance:website.ContactTest@55b699ef]" started-at="2025-07-16T17:54:28 IST" name="LaunchURL" finished-at="2025-07-16T17:54:31 IST" duration-ms="3093" status="PASS">
          <reporter-output>
          </reporter-output>
        </test-method> <!-- LaunchURL -->
        <test-method signature="contactUs()[pri:0, instance:website.ContactTest@55b699ef]" started-at="2025-07-16T17:54:31 IST" name="contactUs" finished-at="2025-07-16T17:54:36 IST" duration-ms="4986" status="PASS">
          <reporter-output>
          </reporter-output>
        </test-method> <!-- contactUs -->
        <test-method is-config="true" signature="tearDown()[pri:0, instance:website.ContactTest@55b699ef]" started-at="2025-07-16T17:54:36 IST" name="tearDown" finished-at="2025-07-16T17:54:37 IST" duration-ms="706" status="PASS">
          <reporter-output>
          </reporter-output>
        </test-method> <!-- tearDown -->
      </class> <!-- website.ContactTest -->
    </test> <!-- website -->
  </suite> <!-- TestSuite -->
</testng-results>
