<?xml version="1.0" encoding="UTF-8"?>
<testng-results ignored="0" total="1" passed="1" failed="0" skipped="0">
  <reporter-output>
  </reporter-output>
  <suite started-at="2025-06-05T11:27:49 IST" name="Surefire suite" finished-at="2025-06-05T11:28:59 IST" duration-ms="70042">
    <groups>
    </groups>
    <test started-at="2025-06-05T11:27:49 IST" name="Surefire test" finished-at="2025-06-05T11:28:59 IST" duration-ms="70042">
      <class name="ledsak.LeadSetupTest">
        <test-method is-config="true" signature="setUp()[pri:0, instance:ledsak.LeadSetupTest@2ed2d9cb]" started-at="2025-06-05T11:27:49 IST" name="setUp" finished-at="2025-06-05T11:28:05 IST" duration-ms="15905" status="PASS">
          <reporter-output>
          </reporter-output>
        </test-method> <!-- setUp -->
        <test-method signature="leadset()[pri:0, instance:ledsak.LeadSetupTest@2ed2d9cb]" started-at="2025-06-05T11:28:05 IST" name="leadset" finished-at="2025-06-05T11:28:59 IST" duration-ms="53394" status="PASS">
          <reporter-output>
          </reporter-output>
        </test-method> <!-- leadset -->
        <test-method is-config="true" signature="tearDown()[pri:0, instance:ledsak.LeadSetupTest@2ed2d9cb]" started-at="2025-06-05T11:28:59 IST" name="tearDown" finished-at="2025-06-05T11:28:59 IST" duration-ms="604" status="PASS">
          <reporter-output>
          </reporter-output>
        </test-method> <!-- tearDown -->
      </class> <!-- ledsak.LeadSetupTest -->
    </test> <!-- Surefire test -->
  </suite> <!-- Surefire suite -->
</testng-results>
